2025-06-23 10:05:26,961 [1] INFO  Crud_in_WPF.App -         =============  Started Logging  =============        
2025-06-23 10:05:26,982 [1] INFO  Crud_in_WPF.Login.SignInPage - ----Welcome to NKP----

2025-06-23 10:05:28,954 [1] INFO  Crud_in_WPF.Login.SignInPage - Clicked Login Button
2025-06-23 10:05:29,519 [1] INFO  Crud_in_WPF.MainWindow - Enter Select Screen Page.
2025-06-23 10:05:30,545 [1] INFO  Crud_in_WPF.MainWindow - Clicked Screen Master Button.
2025-06-23 10:05:30,546 [1] INFO  Crud_in_WPF.ScreenAndParameter.ScreenMasterPage - Enter Screen Master Page.
2025-06-23 10:05:52,386 [1] INFO  Crud_in_WPF.App -         =============  Started Logging  =============        
2025-06-23 10:05:52,416 [1] INFO  Crud_in_WPF.Login.SignInPage - ----Welcome to NKP----

2025-06-23 10:05:56,810 [1] INFO  Crud_in_WPF.Login.SignInPage - Clicked Login Button
2025-06-23 10:05:57,363 [1] INFO  Crud_in_WPF.MainWindow - Enter Select Screen Page.
2025-06-23 10:06:00,386 [1] INFO  Crud_in_WPF.MainWindow - Clicked Screen Master Button.
2025-06-23 10:06:00,386 [1] INFO  Crud_in_WPF.ScreenAndParameter.ScreenMasterPage - Enter Screen Master Page.
2025-06-23 12:42:39,903 [1] INFO  Crud_in_WPF.App -         =============  Started Logging  =============        
2025-06-23 12:42:39,926 [1] INFO  Crud_in_WPF.Login.SignInPage - ----Welcome to NKP----

2025-06-23 12:45:28,249 [1] INFO  Crud_in_WPF.Login.SignInPage - Clicked Login Button
2025-06-23 12:45:28,881 [1] INFO  Crud_in_WPF.MainWindow - Enter Select Screen Page.
2025-06-23 12:55:45,894 [1] INFO  Crud_in_WPF.App -         =============  Started Logging  =============        
2025-06-23 12:55:45,918 [1] INFO  Crud_in_WPF.Login.SignInPage - ----Welcome to NKP----

2025-06-23 12:55:47,589 [1] INFO  Crud_in_WPF.Login.SignInPage - Clicked Login Button
2025-06-23 12:55:48,175 [1] INFO  Crud_in_WPF.MainWindow - Enter Select Screen Page.
2025-06-23 13:00:34,354 [1] INFO  Crud_in_WPF.MainWindow - Clicked Screen Master Button.
2025-06-23 13:00:34,354 [1] INFO  Crud_in_WPF.ScreenAndParameter.ScreenMasterPage - Enter Screen Master Page.
2025-06-23 14:03:46,795 [1] INFO  Crud_in_WPF.App -         =============  Started Logging  =============        
2025-06-23 14:03:46,816 [1] INFO  Crud_in_WPF.Login.SignInPage - ----Welcome to NKP----

2025-06-23 14:03:51,629 [1] INFO  Crud_in_WPF.Login.SignInPage - Clicked Login Button
2025-06-23 14:03:52,245 [1] INFO  Crud_in_WPF.MainWindow - Enter Select Screen Page.
2025-06-23 14:04:15,591 [1] INFO  Crud_in_WPF.App -         =============  Started Logging  =============        
2025-06-23 14:04:15,612 [1] INFO  Crud_in_WPF.Login.SignInPage - ----Welcome to NKP----

2025-06-23 14:04:32,029 [1] INFO  Crud_in_WPF.Login.SignInPage - Clicked Login Button
2025-06-23 14:04:36,036 [1] INFO  Crud_in_WPF.Login.SignInPage - Clicked Login Button
2025-06-23 14:04:38,821 [1] INFO  Crud_in_WPF.Login.SignInPage - Clicked Login Button
2025-06-23 14:04:52,436 [1] INFO  Crud_in_WPF.Login.SignInPage - Clicked Login Button
2025-06-23 14:04:52,987 [1] INFO  Crud_in_WPF.MainWindow - Enter Select Screen Page.
2025-06-23 14:12:33,842 [1] INFO  Crud_in_WPF.MainWindow - Clicked Screen Master Button.
2025-06-23 14:12:33,842 [1] INFO  Crud_in_WPF.ScreenAndParameter.ScreenMasterPage - Enter Screen Master Page.
2025-06-23 14:13:32,800 [1] INFO  Crud_in_WPF.MainWindow - Clicked Screen Master Button.
2025-06-23 14:13:32,800 [1] INFO  Crud_in_WPF.ScreenAndParameter.ScreenMasterPage - Enter Screen Master Page.
2025-06-23 14:13:45,264 [1] INFO  Crud_in_WPF.MainWindow - Clicked Screen Master Button.
2025-06-23 14:13:45,264 [1] INFO  Crud_in_WPF.ScreenAndParameter.ScreenMasterPage - Enter Screen Master Page.
2025-06-23 14:14:33,083 [1] INFO  Crud_in_WPF.App -         =============  Started Logging  =============        
2025-06-23 14:14:33,106 [1] INFO  Crud_in_WPF.Login.SignInPage - ----Welcome to NKP----

2025-06-23 14:14:35,113 [1] INFO  Crud_in_WPF.Login.SignInPage - Clicked Login Button
2025-06-23 14:14:35,672 [1] INFO  Crud_in_WPF.MainWindow - Enter Select Screen Page.
2025-06-23 14:14:36,681 [1] INFO  Crud_in_WPF.MainWindow - Clicked Screen Master Button.
2025-06-23 14:14:36,681 [1] INFO  Crud_in_WPF.ScreenAndParameter.ScreenMasterPage - Enter Screen Master Page.
2025-06-23 14:14:43,097 [1] INFO  Crud_in_WPF.MainWindow - Clicked Screen Parameter Master Button.
2025-06-23 14:14:43,098 [1] INFO  Crud_in_WPF.ScreenAndParameter.ScreenParameterMasterPage - Enter Screen Parameter Master Page.
2025-06-23 14:14:46,824 [1] INFO  Crud_in_WPF.MainWindow - Clicked Screen Master Button.
2025-06-23 14:14:46,824 [1] INFO  Crud_in_WPF.ScreenAndParameter.ScreenMasterPage - Enter Screen Master Page.
2025-06-23 14:14:50,199 [1] INFO  Crud_in_WPF.MainWindow - Clicked Screen Parameter Master Button.
2025-06-23 14:14:50,199 [1] INFO  Crud_in_WPF.ScreenAndParameter.ScreenParameterMasterPage - Enter Screen Parameter Master Page.
2025-06-23 14:15:04,248 [1] INFO  Crud_in_WPF.MainWindow - Clicked Screen Master Button.
2025-06-23 14:15:04,248 [1] INFO  Crud_in_WPF.ScreenAndParameter.ScreenMasterPage - Enter Screen Master Page.
2025-06-23 14:15:20,167 [1] INFO  Crud_in_WPF.MainWindow - Clicked Screen Master Button.
2025-06-23 14:15:20,167 [1] INFO  Crud_in_WPF.ScreenAndParameter.ScreenMasterPage - Enter Screen Master Page.
2025-06-23 14:17:59,022 [1] INFO  Crud_in_WPF.MainWindow - Clicked Screen Parameter Master Button.
2025-06-23 14:17:59,022 [1] INFO  Crud_in_WPF.ScreenAndParameter.ScreenParameterMasterPage - Enter Screen Parameter Master Page.
2025-06-23 14:19:04,774 [1] INFO  Crud_in_WPF.MainWindow - Clicked Screen Master Button.
2025-06-23 14:19:04,774 [1] INFO  Crud_in_WPF.ScreenAndParameter.ScreenMasterPage - Enter Screen Master Page.
2025-06-23 14:19:51,901 [1] INFO  Crud_in_WPF.MainWindow - Clicked Screen Parameter Master Button.
2025-06-23 14:19:51,901 [1] INFO  Crud_in_WPF.ScreenAndParameter.ScreenParameterMasterPage - Enter Screen Parameter Master Page.
2025-06-23 14:20:07,053 [1] INFO  Crud_in_WPF.MainWindow - Clicked Screen Master Button.
2025-06-23 14:20:07,053 [1] INFO  Crud_in_WPF.ScreenAndParameter.ScreenMasterPage - Enter Screen Master Page.
2025-06-23 14:20:33,443 [1] INFO  Crud_in_WPF.App -         =============  Started Logging  =============        
2025-06-23 14:20:33,467 [1] INFO  Crud_in_WPF.Login.SignInPage - ----Welcome to NKP----

2025-06-23 14:20:37,542 [1] INFO  Crud_in_WPF.Login.SignInPage - Clicked Login Button
2025-06-23 14:20:38,106 [1] INFO  Crud_in_WPF.MainWindow - Enter Select Screen Page.
2025-06-23 14:20:46,189 [1] INFO  Crud_in_WPF.MainWindow - Clicked Screen Master Button.
2025-06-23 14:20:46,190 [1] INFO  Crud_in_WPF.ScreenAndParameter.ScreenMasterPage - Enter Screen Master Page.
2025-06-23 14:21:59,724 [1] INFO  Crud_in_WPF.MainWindow - Clicked Screen Master Button.
2025-06-23 14:21:59,724 [1] INFO  Crud_in_WPF.ScreenAndParameter.ScreenMasterPage - Enter Screen Master Page.
2025-06-23 14:22:12,444 [1] INFO  Crud_in_WPF.MainWindow - Clicked Screen Master Button.
2025-06-23 14:22:12,444 [1] INFO  Crud_in_WPF.ScreenAndParameter.ScreenMasterPage - Enter Screen Master Page.
2025-06-23 14:22:22,453 [1] INFO  Crud_in_WPF.MainWindow - Clicked Screen Parameter Master Button.
2025-06-23 14:22:22,453 [1] INFO  Crud_in_WPF.ScreenAndParameter.ScreenParameterMasterPage - Enter Screen Parameter Master Page.
2025-06-23 14:22:28,869 [1] INFO  Crud_in_WPF.ScreenAndParameter.ScreenParameterMasterPage - Clicked Add Screen Parameter Master Button.
2025-06-23 14:22:51,411 [1] INFO  Crud_in_WPF.App -         =============  Started Logging  =============        
2025-06-23 14:22:51,432 [1] INFO  Crud_in_WPF.Login.SignInPage - ----Welcome to NKP----

2025-06-23 14:22:53,142 [1] INFO  Crud_in_WPF.Login.SignInPage - Clicked Login Button
2025-06-23 14:22:53,829 [1] INFO  Crud_in_WPF.MainWindow - Enter Select Screen Page.
2025-06-23 14:22:57,173 [1] INFO  Crud_in_WPF.MainWindow - Clicked Screen Master Button.
2025-06-23 14:22:57,173 [1] INFO  Crud_in_WPF.ScreenAndParameter.ScreenMasterPage - Enter Screen Master Page.
2025-06-23 14:23:07,364 [1] INFO  Crud_in_WPF.MainWindow - Clicked Cancel Button.
2025-06-23 14:23:13,874 [1] INFO  Crud_in_WPF.App -         =============  Started Logging  =============        
2025-06-23 14:23:13,969 [1] INFO  Crud_in_WPF.Login.SignInPage - ----Welcome to NKP----

2025-06-23 14:23:18,709 [1] INFO  Crud_in_WPF.Login.SignInPage - Clicked Login Button
2025-06-23 14:23:19,135 [1] INFO  Crud_in_WPF.MainWindow - Enter Select Screen Page.
2025-06-23 14:23:22,724 [1] INFO  Crud_in_WPF.MainWindow - Clicked Screen Master Button.
2025-06-23 14:23:22,724 [1] INFO  Crud_in_WPF.ScreenAndParameter.ScreenMasterPage - Enter Screen Master Page.
2025-06-23 14:25:25,619 [1] INFO  Crud_in_WPF.ScreenAndParameter.ScreenMasterPage - Clicked Edit Screen Master Button.
2025-06-23 14:25:47,970 [1] INFO  Crud_in_WPF.ScreenAndParameter.ScreenMasterPage - Clicked Delete Screen Master Button.
2025-06-23 14:26:10,114 [1] INFO  Crud_in_WPF.ScreenAndParameter.ScreenMasterPage - Clicked Edit Screen Master Button.
2025-06-23 14:26:48,594 [1] INFO  Crud_in_WPF.ScreenAndParameter.ScreenMasterPage - Clicked Edit Screen Master Button.
2025-06-23 14:27:05,074 [1] INFO  Crud_in_WPF.ScreenAndParameter.ScreenMasterPage - Clicked Add Screen Master Button.
2025-06-23 14:28:40,433 [1] INFO  Crud_in_WPF.App -         =============  Started Logging  =============        
2025-06-23 14:28:40,458 [1] INFO  Crud_in_WPF.Login.SignInPage - ----Welcome to NKP----

2025-06-23 14:28:54,194 [1] INFO  Crud_in_WPF.Login.SignInPage - Clicked Login Button
2025-06-23 14:28:54,745 [1] INFO  Crud_in_WPF.MainWindow - Enter Select Screen Page.
2025-06-23 14:29:13,201 [1] INFO  Crud_in_WPF.MainWindow - Clicked Screen Master Button.
2025-06-23 14:29:13,202 [1] INFO  Crud_in_WPF.ScreenAndParameter.ScreenMasterPage - Enter Screen Master Page.
2025-06-23 14:29:27,521 [1] INFO  Crud_in_WPF.ScreenAndParameter.ScreenMasterPage - Clicked Add Screen Master Button.
2025-06-23 14:38:43,437 [1] INFO  Crud_in_WPF.MainWindow - Clicked Screen Master Button.
2025-06-23 14:38:43,437 [1] INFO  Crud_in_WPF.ScreenAndParameter.ScreenMasterPage - Enter Screen Master Page.
2025-06-23 14:38:45,861 [1] INFO  Crud_in_WPF.ScreenAndParameter.ScreenMasterPage - Clicked Edit Screen Master Button.
2025-06-23 14:38:48,157 [1] INFO  Crud_in_WPF.ScreenAndParameter.ScreenMasterPage - Clicked Edit Screen Master Button.
2025-06-23 14:38:52,357 [1] INFO  Crud_in_WPF.MainWindow - Clicked Screen Master Button.
2025-06-23 14:38:52,357 [1] INFO  Crud_in_WPF.ScreenAndParameter.ScreenMasterPage - Enter Screen Master Page.
2025-06-23 14:38:53,516 [1] INFO  Crud_in_WPF.ScreenAndParameter.ScreenMasterPage - Clicked Add Screen Master Button.
2025-06-23 14:40:00,020 [1] INFO  Crud_in_WPF.ScreenAndParameter.ScreenMasterPage - Clicked Edit Screen Master Button.
2025-06-23 14:40:11,284 [1] INFO  Crud_in_WPF.ScreenAndParameter.ScreenMasterPage - Clicked Edit Screen Master Button.
2025-06-23 14:40:30,819 [1] INFO  Crud_in_WPF.MainWindow - Clicked Screen Master Button.
2025-06-23 14:40:30,819 [1] INFO  Crud_in_WPF.ScreenAndParameter.ScreenMasterPage - Enter Screen Master Page.
2025-06-23 14:41:12,011 [1] INFO  Crud_in_WPF.ScreenAndParameter.ScreenMasterPage - Clicked Add Screen Master Button.
2025-06-23 14:41:17,363 [1] INFO  Crud_in_WPF.MainWindow - Clicked Screen Parameter Master Button.
2025-06-23 14:41:17,364 [1] INFO  Crud_in_WPF.ScreenAndParameter.ScreenParameterMasterPage - Enter Screen Parameter Master Page.
2025-06-23 14:41:18,763 [1] INFO  Crud_in_WPF.ScreenAndParameter.ScreenParameterMasterPage - Clicked Add Screen Parameter Master Button.
2025-06-23 14:42:13,242 [1] INFO  Crud_in_WPF.ScreenAndParameter.ScreenParameterMasterPage - Clicked Add Screen Parameter Master Button.
2025-06-23 14:42:25,587 [1] INFO  Crud_in_WPF.MainWindow - Clicked Screen Master Button.
2025-06-23 14:42:25,587 [1] INFO  Crud_in_WPF.ScreenAndParameter.ScreenMasterPage - Enter Screen Master Page.
2025-06-23 14:42:29,627 [1] INFO  Crud_in_WPF.MainWindow - Clicked Screen Parameter Master Button.
2025-06-23 14:42:29,627 [1] INFO  Crud_in_WPF.ScreenAndParameter.ScreenParameterMasterPage - Enter Screen Parameter Master Page.
2025-06-23 14:42:44,475 [1] INFO  Crud_in_WPF.MainWindow - Clicked Screen Master Button.
2025-06-23 14:42:44,475 [1] INFO  Crud_in_WPF.ScreenAndParameter.ScreenMasterPage - Enter Screen Master Page.
2025-06-23 14:44:41,574 [1] INFO  Crud_in_WPF.App -         =============  Started Logging  =============        
2025-06-23 14:44:41,595 [1] INFO  Crud_in_WPF.Login.SignInPage - ----Welcome to NKP----

2025-06-23 14:45:55,794 [1] INFO  Crud_in_WPF.Login.SignInPage - Clicked Login Button
2025-06-23 14:45:56,334 [1] INFO  Crud_in_WPF.MainWindow - Enter Select Screen Page.
2025-06-23 14:47:18,737 [1] INFO  Crud_in_WPF.MainWindow - Clicked Cancel Button.
2025-06-23 14:47:24,817 [1] INFO  Crud_in_WPF.App -         =============  Started Logging  =============        
2025-06-23 14:47:24,838 [1] INFO  Crud_in_WPF.Login.SignInPage - ----Welcome to NKP----

2025-06-23 14:47:28,834 [1] INFO  Crud_in_WPF.Login.SignInPage - Clicked Login Button
2025-06-23 14:47:29,379 [1] INFO  Crud_in_WPF.MainWindow - Enter Select Screen Page.
2025-06-23 14:47:30,898 [1] INFO  Crud_in_WPF.MainWindow - Clicked Screen Master Button.
2025-06-23 14:47:30,898 [1] INFO  Crud_in_WPF.ScreenAndParameter.ScreenMasterPage - Enter Screen Master Page.
2025-06-23 14:47:39,368 [1] INFO  Crud_in_WPF.ScreenAndParameter.ScreenMasterPage - Clicked Add Screen Master Button.
2025-06-23 14:53:48,678 [1] INFO  Crud_in_WPF.ScreenAndParameter.ScreenMasterPage - Clicked Edit Screen Master Button.
2025-06-23 14:53:51,830 [1] INFO  Crud_in_WPF.ScreenAndParameter.ScreenMasterPage - Clicked Edit Screen Master Button.
2025-06-23 15:00:43,684 [1] INFO  Crud_in_WPF.MainWindow - Clicked Screen Parameter Master Button.
2025-06-23 15:00:43,684 [1] INFO  Crud_in_WPF.ScreenAndParameter.ScreenParameterMasterPage - Enter Screen Parameter Master Page.
2025-06-23 15:00:44,922 [1] INFO  Crud_in_WPF.ScreenAndParameter.ScreenParameterMasterPage - Clicked Add Screen Parameter Master Button.
2025-06-23 15:49:47,403 [1] INFO  Crud_in_WPF.App -         =============  Started Logging  =============        
2025-06-23 15:49:47,431 [1] INFO  Crud_in_WPF.Login.SignInPage - ----Welcome to NKP----

2025-06-23 15:49:49,133 [1] INFO  Crud_in_WPF.Login.SignInPage - Clicked Login Button
2025-06-23 15:49:49,689 [1] INFO  Crud_in_WPF.MainWindow - Enter Select Screen Page.
2025-06-23 15:49:50,909 [1] INFO  Crud_in_WPF.MainWindow - Clicked Screen Master Button.
2025-06-23 15:49:50,909 [1] INFO  Crud_in_WPF.ScreenAndParameter.ScreenMasterPage - Enter Screen Master Page.
2025-06-23 15:49:59,717 [1] INFO  Crud_in_WPF.MainWindow - Clicked Screen Parameter Master Button.
2025-06-23 15:49:59,717 [1] INFO  Crud_in_WPF.ScreenAndParameter.ScreenParameterMasterPage - Enter Screen Parameter Master Page.
2025-06-23 15:50:04,492 [1] INFO  Crud_in_WPF.ScreenAndParameter.ScreenParameterMasterPage - Clicked Edit Screen Parameter Master Button.
2025-06-23 15:50:07,204 [1] INFO  Crud_in_WPF.ScreenAndParameter.ScreenParameterMasterPage - Clicked Edit Screen Parameter Master Button.
2025-06-23 15:51:41,203 [1] INFO  Crud_in_WPF.MainWindow - Clicked Screen Master Button.
2025-06-23 15:51:41,203 [1] INFO  Crud_in_WPF.ScreenAndParameter.ScreenMasterPage - Enter Screen Master Page.
2025-06-23 15:51:42,740 [1] INFO  Crud_in_WPF.ScreenAndParameter.ScreenMasterPage - Clicked Edit Screen Master Button.
2025-06-23 15:52:01,563 [1] INFO  Crud_in_WPF.ScreenAndParameter.ScreenMasterPage - Clicked Edit Screen Master Button.
2025-06-23 15:52:18,347 [1] INFO  Crud_in_WPF.ScreenAndParameter.ScreenMasterPage - Clicked Add Screen Master Button.
2025-06-23 15:52:28,050 [1] INFO  Crud_in_WPF.MainWindow - Clicked Screen Parameter Master Button.
2025-06-23 15:52:28,051 [1] INFO  Crud_in_WPF.ScreenAndParameter.ScreenParameterMasterPage - Enter Screen Parameter Master Page.
2025-06-23 15:52:29,179 [1] INFO  Crud_in_WPF.ScreenAndParameter.ScreenParameterMasterPage - Clicked Add Screen Parameter Master Button.
2025-06-23 15:52:31,859 [1] INFO  Crud_in_WPF.ScreenAndParameter.ScreenParameterMasterPage - Clicked Edit Screen Parameter Master Button.
2025-06-23 16:56:07,451 [1] INFO  Crud_in_WPF.App -         =============  Started Logging  =============        
2025-06-23 16:56:07,473 [1] INFO  Crud_in_WPF.Login.SignInPage - ----Welcome to NKP----

2025-06-23 16:56:09,376 [1] INFO  Crud_in_WPF.Login.SignInPage - Clicked Login Button
2025-06-23 16:56:09,971 [1] INFO  Crud_in_WPF.MainWindow - Enter Select Screen Page.
2025-06-23 16:56:38,461 [1] INFO  Crud_in_WPF.App -         =============  Started Logging  =============        
2025-06-23 16:56:38,483 [1] INFO  Crud_in_WPF.Login.SignInPage - ----Welcome to NKP----

2025-06-23 16:56:40,687 [1] INFO  Crud_in_WPF.Login.SignInPage - Clicked Login Button
2025-06-23 16:56:41,248 [1] INFO  Crud_in_WPF.MainWindow - Enter Select Screen Page.
2025-06-23 16:56:57,984 [1] INFO  Crud_in_WPF.App -         =============  Started Logging  =============        
2025-06-23 16:56:58,014 [1] INFO  Crud_in_WPF.Login.SignInPage - ----Welcome to NKP----

2025-06-23 16:57:00,342 [1] INFO  Crud_in_WPF.Login.SignInPage - Clicked Login Button
2025-06-23 16:57:00,890 [1] INFO  Crud_in_WPF.MainWindow - Enter Select Screen Page.
2025-06-23 16:57:22,965 [1] INFO  Crud_in_WPF.MainWindow - Clicked Screen Master Button.
2025-06-23 16:57:22,966 [1] INFO  Crud_in_WPF.ScreenAndParameter.ScreenMasterPage - Enter Screen Master Page.
2025-06-23 16:57:26,734 [1] INFO  Crud_in_WPF.MainWindow - Clicked Screen Parameter Master Button.
2025-06-23 16:57:26,734 [1] INFO  Crud_in_WPF.ScreenAndParameter.ScreenParameterMasterPage - Enter Screen Parameter Master Page.
2025-06-23 17:26:39,319 [1] INFO  Crud_in_WPF.App -         =============  Started Logging  =============        
2025-06-23 17:26:39,353 [1] INFO  Crud_in_WPF.Login.SignInPage - ----Welcome to NKP----

